<?xml version="1.0" encoding="UTF-8"?>
<testsuites>
  <testsuite name="CodeIgniter Application Test Suite" tests="6" assertions="6" failures="0" errors="0" time="0.112880">
    <testsuite name="Welcome_test" file="C:\xampp\htdocs\group1\application\tests\controllers\Welcome_test.php" fullPackage="Welcome" tests="1" assertions="1" failures="0" errors="0" time="0.021692">
      <testcase name="test_index" class="Welcome_test" file="C:\xampp\htdocs\group1\application\tests\controllers\Welcome_test.php" line="13" assertions="1" time="0.021692"/>
    </testsuite>
    <testsuite name="Example_model_test" file="C:\xampp\htdocs\group1\application\tests\models\Example_model_test.php" fullPackage="Example.model" tests="1" assertions="1" failures="0" errors="0" time="0.021527">
      <testcase name="test_get_test_list" class="Example_model_test" file="C:\xampp\htdocs\group1\application\tests\models\Example_model_test.php" line="12" assertions="1" time="0.021527"/>
    </testsuite>
    <testsuite name="User_model_test" file="C:\xampp\htdocs\group1\application\tests\models\User_model_test.php" fullPackage="User.model" tests="4" assertions="4" failures="0" errors="0" time="0.069661">
      <testcase name="test_insert_user" class="User_model_test" file="C:\xampp\htdocs\group1\application\tests\models\User_model_test.php" line="12" assertions="1" time="0.021441"/>
      <testcase name="test_login_user" class="User_model_test" file="C:\xampp\htdocs\group1\application\tests\models\User_model_test.php" line="21" assertions="1" time="0.008126"/>
      <testcase name="test_insert_historysub" class="User_model_test" file="C:\xampp\htdocs\group1\application\tests\models\User_model_test.php" line="29" assertions="1" time="0.020478"/>
      <testcase name="test_insert_resub" class="User_model_test" file="C:\xampp\htdocs\group1\application\tests\models\User_model_test.php" line="41" assertions="1" time="0.019616"/>
    </testsuite>
  </testsuite>
</testsuites>
